flavor_chaser_android_app/app/build/intermediates/manifest_merge_blame_file/debug/manifest-merger-blame-debug-report.txt
1<?xml version="1.0" encoding="utf-8"?>
2<manifest xmlns:android="http://schemas.android.com/apk/res/android"
3    package="teodor.flavor_chaser_android_app"
4    android:versionCode="1"
5    android:versionName="1.0" >
6
7    <uses-sdk
8        android:minSdkVersion="21"
8-->src\main\AndroidManifest.xml
9        android:targetSdkVersion="33" />
9-->src\main\AndroidManifest.xml
10
11    <uses-permission android:name="android.permission.ACCESS_NETWORK_STATE" />
11-->src\main\AndroidManifest.xml:5:5-79
11-->src\main\AndroidManifest.xml:5:22-76
12    <uses-permission android:name="android.permission.INTERNET" />
12-->src\main\AndroidManifest.xml:6:5-67
12-->src\main\AndroidManifest.xml:6:22-64
13
14    <permission
14-->[androidx.core:core:1.9.0] AndroidManifest.xml:22:5-24:47
15        android:name="teodor.flavor_chaser_android_app.DYNAMIC_RECEIVER_NOT_EXPORTED_PERMISSION"
15-->[androidx.core:core:1.9.0] AndroidManifest.xml:23:9-81
16        android:protectionLevel="signature" />
16-->[androidx.core:core:1.9.0] AndroidManifest.xml:24:9-44
17
18    <uses-permission android:name="teodor.flavor_chaser_android_app.DYNAMIC_RECEIVER_NOT_EXPORTED_PERMISSION" />
18-->[androidx.core:core:1.9.0] AndroidManifest.xml:26:5-97
18-->[androidx.core:core:1.9.0] AndroidManifest.xml:26:22-94
19
20    <application
20-->src\main\AndroidManifest.xml:8:5-46:19
21        android:allowBackup="true"
21-->src\main\AndroidManifest.xml:9:9-35
22        android:appComponentFactory="androidx.core.app.CoreComponentFactory"
22-->[androidx.core:core:1.9.0] AndroidManifest.xml:28:18-86
23        android:dataExtractionRules="@xml/data_extraction_rules"
23-->src\main\AndroidManifest.xml:10:9-65
24        android:debuggable="true"
25        android:fullBackupContent="@xml/backup_rules"
25-->src\main\AndroidManifest.xml:11:9-54
26        android:icon="@drawable/smoke_skull"
26-->src\main\AndroidManifest.xml:12:9-45
27        android:label="@string/app_name"
27-->src\main\AndroidManifest.xml:13:9-41
28        android:roundIcon="@mipmap/ic_launcher_round"
28-->src\main\AndroidManifest.xml:14:9-54
29        android:supportsRtl="true"
29-->src\main\AndroidManifest.xml:15:9-35
30        android:testOnly="true"
31        android:theme="@style/Theme.FlavorChaserAndroidApp" >
31-->src\main\AndroidManifest.xml:16:9-60
32        <activity
32-->src\main\AndroidManifest.xml:18:9-24:20
33            android:name="teodor.flavor_chaser_android_app.activities.LoginActivity"
33-->src\main\AndroidManifest.xml:19:13-53
34            android:exported="false" >
34-->src\main\AndroidManifest.xml:20:13-37
35            <meta-data
35-->src\main\AndroidManifest.xml:21:13-23:36
36                android:name="android.app.lib_name"
36-->src\main\AndroidManifest.xml:22:17-52
37                android:value="" />
37-->src\main\AndroidManifest.xml:23:17-33
38        </activity>
39        <activity
39-->src\main\AndroidManifest.xml:25:9-37:20
40            android:name="teodor.flavor_chaser_android_app.activities.RedirectActivity"
40-->src\main\AndroidManifest.xml:26:13-56
41            android:exported="true" >
41-->src\main\AndroidManifest.xml:27:13-36
42            <intent-filter>
42-->src\main\AndroidManifest.xml:28:13-32:29
43                <action android:name="android.intent.action.MAIN" />
43-->src\main\AndroidManifest.xml:29:17-69
43-->src\main\AndroidManifest.xml:29:25-66
44
45                <category android:name="android.intent.category.LAUNCHER" />
45-->src\main\AndroidManifest.xml:31:17-77
45-->src\main\AndroidManifest.xml:31:27-74
46            </intent-filter>
47
48            <meta-data
48-->src\main\AndroidManifest.xml:21:13-23:36
49                android:name="android.app.lib_name"
49-->src\main\AndroidManifest.xml:22:17-52
50                android:value="" />
50-->src\main\AndroidManifest.xml:23:17-33
51        </activity>
52        <activity
52-->src\main\AndroidManifest.xml:38:9-45:20
53            android:name="teodor.flavor_chaser_android_app.activities.MainActivity"
53-->src\main\AndroidManifest.xml:39:13-52
54            android:exported="false"
54-->src\main\AndroidManifest.xml:40:13-37
55            android:theme="@style/Theme.FlavorChaserAndroidApp" >
55-->src\main\AndroidManifest.xml:41:13-64
56            <meta-data
56-->src\main\AndroidManifest.xml:21:13-23:36
57                android:name="android.app.lib_name"
57-->src\main\AndroidManifest.xml:22:17-52
58                android:value="" />
58-->src\main\AndroidManifest.xml:23:17-33
59        </activity>
60
61        <provider
61-->[androidx.emoji2:emoji2:1.2.0] AndroidManifest.xml:24:9-32:20
62            android:name="androidx.startup.InitializationProvider"
62-->[androidx.emoji2:emoji2:1.2.0] AndroidManifest.xml:25:13-67
63            android:authorities="teodor.flavor_chaser_android_app.androidx-startup"
63-->[androidx.emoji2:emoji2:1.2.0] AndroidManifest.xml:26:13-68
64            android:exported="false" >
64-->[androidx.emoji2:emoji2:1.2.0] AndroidManifest.xml:27:13-37
65            <meta-data
65-->[androidx.emoji2:emoji2:1.2.0] AndroidManifest.xml:29:13-31:52
66                android:name="androidx.emoji2.text.EmojiCompatInitializer"
66-->[androidx.emoji2:emoji2:1.2.0] AndroidManifest.xml:30:17-75
67                android:value="androidx.startup" />
67-->[androidx.emoji2:emoji2:1.2.0] AndroidManifest.xml:31:17-49
68            <meta-data
68-->[androidx.lifecycle:lifecycle-process:2.4.1] AndroidManifest.xml:31:13-33:52
69                android:name="androidx.lifecycle.ProcessLifecycleInitializer"
69-->[androidx.lifecycle:lifecycle-process:2.4.1] AndroidManifest.xml:32:17-78
70                android:value="androidx.startup" />
70-->[androidx.lifecycle:lifecycle-process:2.4.1] AndroidManifest.xml:33:17-49
71        </provider>
72    </application>
73
74</manifest>